<?xml version="1.0" encoding="UTF-8"?>
<!-- Generated by org.testng.reporters.JUnitXMLReporter -->
<testsuite ignored="0" hostname="LAPTOP-FH2D4900" failures="0" tests="3" name="Test" time="25.662" errors="0" timestamp="2021-03-12T12:27:17 IST">
  <testcase classname="com.crm.zohocrm.testscripts.TC001" name="testCampaignIsDisplayed" time="3.622"/>
  <testcase classname="com.crm.zohocrm.testscripts.TC002" name="editCampaign" time="2.738"/>
  <testcase classname="com.crm.zohocrm.testscripts.TC003" name="LeadName" time="1.935"/>
</testsuite> <!-- Test -->
